<?xml version="1.0" encoding="UTF-8"?>
<testng-results ignored="0" total="2" passed="2" failed="0" skipped="0">
  <reporter-output>
  </reporter-output>
  <suite started-at="2023-01-25T17:41:28 IST" name="Suite" finished-at="2023-01-25T17:41:41 IST" duration-ms="13377">
    <groups>
    </groups>
    <test started-at="2023-01-25T17:41:28 IST" name="Test" finished-at="2023-01-25T17:41:41 IST" duration-ms="13377">
      <class name="ReportTestPackage.CheckoutTest">
        <test-method is-config="true" signature="loadLog4jFile()[pri:0, instance:ReportTestPackage.CheckoutTest@2de56eb2]" started-at="2023-01-25T17:41:28 IST" name="loadLog4jFile" finished-at="2023-01-25T17:41:28 IST" duration-ms="66" status="PASS">
          <reporter-output>
          </reporter-output>
        </test-method> <!-- loadLog4jFile -->
        <test-method signature="launchBrowser()[pri:1, instance:ReportTestPackage.CheckoutTest@2de56eb2]" started-at="2023-01-25T17:41:28 IST" name="launchBrowser" finished-at="2023-01-25T17:41:30 IST" duration-ms="1818" status="PASS">
          <reporter-output>
          </reporter-output>
        </test-method> <!-- launchBrowser -->
        <test-method signature="RecordPage()[pri:2, instance:ReportTestPackage.CheckoutTest@2de56eb2]" started-at="2023-01-25T17:41:30 IST" name="RecordPage" finished-at="2023-01-25T17:41:41 IST" duration-ms="11008" status="PASS">
          <reporter-output>
          </reporter-output>
        </test-method> <!-- RecordPage -->
        <test-method is-config="true" signature="closeBrowser()[pri:0, instance:ReportTestPackage.CheckoutTest@2de56eb2]" started-at="2023-01-25T17:41:41 IST" name="closeBrowser" finished-at="2023-01-25T17:41:41 IST" duration-ms="460" status="PASS">
          <reporter-output>
          </reporter-output>
        </test-method> <!-- closeBrowser -->
      </class> <!-- ReportTestPackage.CheckoutTest -->
    </test> <!-- Test -->
  </suite> <!-- Suite -->
</testng-results>
